<?xml version="1.0" encoding="UTF-8"?>
<testsuites name="jest tests" tests="5" failures="0" time="4.055">
  <testsuite name="tests\ping.test.js" errors="0" failures="0" skipped="0" timestamp="2020-04-03T12:42:41" time="3.061" tests="1">
    <testcase classname="GET-should ping the server" name="GET-should ping the server" time="0.061">
    </testcase>
  </testsuite>
  <testsuite name="tests\endpoint.test.js" errors="0" failures="0" skipped="0" timestamp="2020-04-03T12:42:41" time="3.129" tests="4">
    <testcase classname="Perform successful operations-should pass" name="Perform successful operations-should pass" time="0.059">
    </testcase>
    <testcase classname="Perform successful operations-should pass" name="Perform successful operations-should pass" time="0.02">
    </testcase>
    <testcase classname="Perform unsuccessful operations-should not pass" name="Perform unsuccessful operations-should not pass" time="0.009">
    </testcase>
    <testcase classname="Perform unsuccessful operations-should not pass" name="Perform unsuccessful operations-should not pass" time="0.007">
    </testcase>
  </testsuite>
</testsuites>